{"/Users/gregor/Dev/DdDev/github-image-resizer/controllers/github-webhook-responder.js":{"path":"/Users/gregor/Dev/DdDev/github-image-resizer/controllers/github-webhook-responder.js","s":{"1":1,"2":1,"3":1,"4":1,"5":1,"6":3,"7":3,"8":3,"9":3,"10":1,"11":6,"12":3,"13":3,"14":8,"15":2,"16":6,"17":6,"18":6,"19":6,"20":1,"21":1,"22":5,"23":2,"24":2,"25":3,"26":2,"27":2,"28":1,"29":1,"30":2,"31":1,"32":1,"33":0,"34":0,"35":0,"36":1},"b":{"1":[1,1],"2":[0,1],"3":[0,1],"4":[3,0],"5":[3,3],"6":[3,0],"7":[2,6],"8":[6,5],"9":[1,5],"10":[2,3],"11":[2,1],"12":[0,0]},"f":{"1":3,"2":6,"3":8,"4":2,"5":0},"fnMap":{"1":{"name":"(anonymous_1)","line":13,"loc":{"start":{"line":13,"column":17},"end":{"line":13,"column":35}}},"2":{"name":"_isValidRepo","line":21,"loc":{"start":{"line":21,"column":2},"end":{"line":21,"column":30}}},"3":{"name":"githubWebookResponder","line":31,"loc":{"start":{"line":31,"column":9},"end":{"line":31,"column":50}}},"4":{"name":"(anonymous_4)","line":64,"loc":{"start":{"line":64,"column":22},"end":{"line":64,"column":41}}},"5":{"name":"(anonymous_5)","line":77,"loc":{"start":{"line":77,"column":24},"end":{"line":77,"column":44}}}},"statementMap":{"1":{"start":{"line":1,"column":0},"end":{"line":1,"column":51}},"2":{"start":{"line":2,"column":0},"end":{"line":2,"column":35}},"3":{"start":{"line":3,"column":0},"end":{"line":3,"column":61}},"4":{"start":{"line":5,"column":0},"end":{"line":11,"column":2}},"5":{"start":{"line":13,"column":0},"end":{"line":85,"column":2}},"6":{"start":{"line":14,"column":2},"end":{"line":14,"column":46}},"7":{"start":{"line":16,"column":2},"end":{"line":17,"column":31}},"8":{"start":{"line":17,"column":4},"end":{"line":17,"column":31}},"9":{"start":{"line":19,"column":2},"end":{"line":19,"column":72}},"10":{"start":{"line":21,"column":2},"end":{"line":23,"column":3}},"11":{"start":{"line":22,"column":4},"end":{"line":22,"column":68}},"12":{"start":{"line":25,"column":2},"end":{"line":29,"column":5}},"13":{"start":{"line":31,"column":2},"end":{"line":84,"column":4}},"14":{"start":{"line":33,"column":4},"end":{"line":33,"column":78}},"15":{"start":{"line":33,"column":49},"end":{"line":33,"column":78}},"16":{"start":{"line":35,"column":4},"end":{"line":38,"column":6}},"17":{"start":{"line":40,"column":4},"end":{"line":44,"column":46}},"18":{"start":{"line":46,"column":4},"end":{"line":46,"column":62}},"19":{"start":{"line":47,"column":4},"end":{"line":50,"column":5}},"20":{"start":{"line":48,"column":6},"end":{"line":48,"column":77}},"21":{"start":{"line":49,"column":6},"end":{"line":49,"column":66}},"22":{"start":{"line":51,"column":4},"end":{"line":54,"column":5}},"23":{"start":{"line":52,"column":6},"end":{"line":52,"column":58}},"24":{"start":{"line":53,"column":6},"end":{"line":53,"column":84}},"25":{"start":{"line":56,"column":4},"end":{"line":59,"column":5}},"26":{"start":{"line":57,"column":6},"end":{"line":57,"column":42}},"27":{"start":{"line":58,"column":6},"end":{"line":58,"column":63}},"28":{"start":{"line":61,"column":4},"end":{"line":61,"column":54}},"29":{"start":{"line":64,"column":4},"end":{"line":66,"column":7}},"30":{"start":{"line":65,"column":6},"end":{"line":65,"column":78}},"31":{"start":{"line":68,"column":4},"end":{"line":75,"column":6}},"32":{"start":{"line":77,"column":4},"end":{"line":80,"column":7}},"33":{"start":{"line":78,"column":6},"end":{"line":78,"column":59}},"34":{"start":{"line":78,"column":15},"end":{"line":78,"column":59}},"35":{"start":{"line":79,"column":6},"end":{"line":79,"column":44}},"36":{"start":{"line":83,"column":4},"end":{"line":83,"column":26}}},"branchMap":{"1":{"line":6,"type":"binary-expr","locations":[{"start":{"line":6,"column":15},"end":{"line":6,"column":39}},{"start":{"line":6,"column":43},"end":{"line":6,"column":45}}]},"2":{"line":8,"type":"cond-expr","locations":[{"start":{"line":8,"column":35},"end":{"line":8,"column":75}},{"start":{"line":8,"column":78},"end":{"line":8,"column":94}}]},"3":{"line":9,"type":"cond-expr","locations":[{"start":{"line":9,"column":40},"end":{"line":9,"column":80}},{"start":{"line":9,"column":83},"end":{"line":9,"column":85}}]},"4":{"line":16,"type":"if","locations":[{"start":{"line":16,"column":2},"end":{"line":16,"column":2}},{"start":{"line":16,"column":2},"end":{"line":16,"column":2}}]},"5":{"line":16,"type":"binary-expr","locations":[{"start":{"line":16,"column":6},"end":{"line":16,"column":32}},{"start":{"line":16,"column":36},"end":{"line":16,"column":68}}]},"6":{"line":25,"type":"binary-expr","locations":[{"start":{"line":25,"column":16},"end":{"line":25,"column":31}},{"start":{"line":25,"column":35},"end":{"line":29,"column":4}}]},"7":{"line":33,"type":"if","locations":[{"start":{"line":33,"column":4},"end":{"line":33,"column":4}},{"start":{"line":33,"column":4},"end":{"line":33,"column":4}}]},"8":{"line":44,"type":"binary-expr","locations":[{"start":{"line":44,"column":20},"end":{"line":44,"column":33}},{"start":{"line":44,"column":37},"end":{"line":44,"column":45}}]},"9":{"line":47,"type":"if","locations":[{"start":{"line":47,"column":4},"end":{"line":47,"column":4}},{"start":{"line":47,"column":4},"end":{"line":47,"column":4}}]},"10":{"line":51,"type":"if","locations":[{"start":{"line":51,"column":4},"end":{"line":51,"column":4}},{"start":{"line":51,"column":4},"end":{"line":51,"column":4}}]},"11":{"line":56,"type":"if","locations":[{"start":{"line":56,"column":4},"end":{"line":56,"column":4}},{"start":{"line":56,"column":4},"end":{"line":56,"column":4}}]},"12":{"line":78,"type":"if","locations":[{"start":{"line":78,"column":6},"end":{"line":78,"column":6}},{"start":{"line":78,"column":6},"end":{"line":78,"column":6}}]}}}}