TN:
SF:/Users/gregor/Dev/DdDev/github-image-resizer/controllers/github-webhook-responder.js
FN:13,(anonymous_1)
FN:21,_isValidRepo
FN:31,githubWebookResponder
FN:64,(anonymous_4)
FN:77,(anonymous_5)
FNF:5
FNH:4
FNDA:3,(anonymous_1)
FNDA:6,_isValidRepo
FNDA:8,githubWebookResponder
FNDA:2,(anonymous_4)
FNDA:0,(anonymous_5)
DA:1,1
DA:2,1
DA:3,1
DA:5,1
DA:13,1
DA:14,3
DA:16,3
DA:17,3
DA:19,3
DA:21,1
DA:22,6
DA:25,3
DA:31,3
DA:33,8
DA:35,6
DA:40,6
DA:46,6
DA:47,6
DA:48,1
DA:49,1
DA:51,5
DA:52,2
DA:53,2
DA:56,3
DA:57,2
DA:58,2
DA:61,1
DA:64,1
DA:65,2
DA:68,1
DA:77,1
DA:78,0
DA:79,0
DA:83,1
LF:34
LH:32
BRDA:6,1,0,1
BRDA:6,1,1,1
BRDA:8,2,0,0
BRDA:8,2,1,1
BRDA:9,3,0,0
BRDA:9,3,1,1
BRDA:16,4,0,3
BRDA:16,4,1,0
BRDA:16,5,0,3
BRDA:16,5,1,3
BRDA:25,6,0,3
BRDA:25,6,1,0
BRDA:33,7,0,2
BRDA:33,7,1,6
BRDA:44,8,0,6
BRDA:44,8,1,5
BRDA:47,9,0,1
BRDA:47,9,1,5
BRDA:51,10,0,2
BRDA:51,10,1,3
BRDA:56,11,0,2
BRDA:56,11,1,1
BRDA:78,12,0,0
BRDA:78,12,1,0
BRF:24
BRH:18
end_of_record
